<?xml version="1.0" encoding="UTF-8"?>
<!-- Generated by org.testng.reporters.JUnitXMLReporter -->
<testsuite ignored="0" hostname="Parvathy1206" failures="0" tests="3" name="LaunchChromeDriverTests" time="4.628" errors="0" timestamp="2026-03-07T23:20:01 IST">
  <testcase classname="selenium.LaunchChromeDriver" name="testTitle" time="0.051"/>
  <testcase classname="selenium.LaunchChromeDriver" name="testSearchBoxPresent" time="0.044"/>
  <testcase classname="selenium.LaunchChromeDriver" name="testNavigateToAbout" time="1.474"/>
</testsuite> <!-- LaunchChromeDriverTests -->
