<?xml version="1.0" encoding="UTF-8"?>
<!-- Generated by org.testng.reporters.JUnitXMLReporter -->
<testsuite ignored="0" hostname="Parvathy1206" failures="0" tests="3" name="LaunchChromeDriverTests" time="7.919" errors="0" timestamp="2026-03-15T15:55:31 IST">
  <testcase classname="selenium.LaunchChromeDriver" name="testTitle" time="0.025"/>
  <testcase classname="selenium.LaunchChromeDriver" name="testSearchBoxPresent" time="0.052"/>
  <testcase classname="selenium.LaunchChromeDriver" name="testNavigateToAbout" time="4.084"/>
</testsuite> <!-- LaunchChromeDriverTests -->
