<?xml version="1.0" encoding="UTF-8"?>
<!-- Generated by org.testng.reporters.JUnitXMLReporter -->
<testsuite ignored="0" hostname="Parvathy1206" failures="0" tests="3" name="Surefire test" time="5.095" errors="0" timestamp="2026-03-07T23:28:04 IST">
  <testcase classname="selenium.LaunchChromeDriver" name="testTitle" time="0.045"/>
  <testcase classname="selenium.LaunchChromeDriver" name="testSearchBoxPresent" time="0.025"/>
  <testcase classname="selenium.LaunchChromeDriver" name="testNavigateToAbout" time="2.045"/>
</testsuite> <!-- Surefire test -->
