<?xml version="1.0" encoding="UTF-8"?>
<!-- Generated by org.testng.reporters.JUnitXMLReporter -->
<testsuite ignored="0" hostname="Parvathy1206" failures="0" tests="3" name="Default test" time="6.938" errors="0" timestamp="2026-03-07T23:19:46 IST">
  <testcase classname="selenium.LaunchChromeDriver" name="testTitle" time="0.031"/>
  <testcase classname="selenium.LaunchChromeDriver" name="testSearchBoxPresent" time="0.034"/>
  <testcase classname="selenium.LaunchChromeDriver" name="testNavigateToAbout" time="3.079"/>
</testsuite> <!-- Default test -->
