<?xml version="1.0" encoding="UTF-8"?>
<testng-results ignored="0" total="3" passed="3" failed="0" skipped="0">
  <reporter-output>
  </reporter-output>
  <suite started-at="2026-03-07T23:27:59 IST" name="Surefire suite" finished-at="2026-03-07T23:28:04 IST" duration-ms="5095">
    <groups>
    </groups>
    <test started-at="2026-03-07T23:27:59 IST" name="Surefire test" finished-at="2026-03-07T23:28:04 IST" duration-ms="5095">
      <class name="selenium.LaunchChromeDriver">
        <test-method is-config="true" signature="setUp()[pri:0, instance:selenium.LaunchChromeDriver@4b14c583]" started-at="2026-03-07T23:27:59 IST" name="setUp" finished-at="2026-03-07T23:28:02 IST" duration-ms="2661" status="PASS">
          <reporter-output>
          </reporter-output>
        </test-method> <!-- setUp -->
        <test-method signature="testTitle()[pri:1, instance:selenium.LaunchChromeDriver@4b14c583]" started-at="2026-03-07T23:28:02 IST" name="testTitle" finished-at="2026-03-07T23:28:02 IST" duration-ms="45" status="PASS">
          <reporter-output>
          </reporter-output>
        </test-method> <!-- testTitle -->
        <test-method signature="testSearchBoxPresent()[pri:2, instance:selenium.LaunchChromeDriver@4b14c583]" started-at="2026-03-07T23:28:02 IST" name="testSearchBoxPresent" finished-at="2026-03-07T23:28:02 IST" duration-ms="25" status="PASS">
          <reporter-output>
          </reporter-output>
        </test-method> <!-- testSearchBoxPresent -->
        <test-method signature="testNavigateToAbout()[pri:3, instance:selenium.LaunchChromeDriver@4b14c583]" started-at="2026-03-07T23:28:02 IST" name="testNavigateToAbout" finished-at="2026-03-07T23:28:04 IST" duration-ms="2045" status="PASS">
          <reporter-output>
          </reporter-output>
        </test-method> <!-- testNavigateToAbout -->
        <test-method is-config="true" signature="tearDown()[pri:0, instance:selenium.LaunchChromeDriver@4b14c583]" started-at="2026-03-07T23:28:04 IST" name="tearDown" finished-at="2026-03-07T23:28:04 IST" duration-ms="268" status="PASS">
          <reporter-output>
          </reporter-output>
        </test-method> <!-- tearDown -->
      </class> <!-- selenium.LaunchChromeDriver -->
    </test> <!-- Surefire test -->
  </suite> <!-- Surefire suite -->
</testng-results>
