<?xml version="1.0" encoding="UTF-8"?>
<testng-results ignored="0" total="3" passed="3" failed="0" skipped="0">
  <reporter-output>
  </reporter-output>
  <suite started-at="2026-03-15T10:26:09 IST" name="SeleniumMavenSuite" finished-at="2026-03-15T10:26:18 IST" duration-ms="9134">
    <groups>
    </groups>
    <test started-at="2026-03-15T10:26:09 IST" name="LaunchChromeDriverTests" finished-at="2026-03-15T10:26:18 IST" duration-ms="9134">
      <class name="selenium.LaunchChromeDriver">
        <test-method is-config="true" signature="setUp()[pri:0, instance:selenium.LaunchChromeDriver@710f4dc7]" started-at="2026-03-15T10:26:09 IST" name="setUp" finished-at="2026-03-15T10:26:15 IST" duration-ms="6003" status="PASS">
          <reporter-output>
          </reporter-output>
        </test-method> <!-- setUp -->
        <test-method signature="testTitle()[pri:1, instance:selenium.LaunchChromeDriver@710f4dc7]" started-at="2026-03-15T10:26:15 IST" name="testTitle" finished-at="2026-03-15T10:26:15 IST" duration-ms="31" status="PASS">
          <reporter-output>
          </reporter-output>
        </test-method> <!-- testTitle -->
        <test-method signature="testSearchBoxPresent()[pri:2, instance:selenium.LaunchChromeDriver@710f4dc7]" started-at="2026-03-15T10:26:15 IST" name="testSearchBoxPresent" finished-at="2026-03-15T10:26:15 IST" duration-ms="32" status="PASS">
          <reporter-output>
          </reporter-output>
        </test-method> <!-- testSearchBoxPresent -->
        <test-method signature="testNavigateToAbout()[pri:3, instance:selenium.LaunchChromeDriver@710f4dc7]" started-at="2026-03-15T10:26:15 IST" name="testNavigateToAbout" finished-at="2026-03-15T10:26:18 IST" duration-ms="2645" status="PASS">
          <reporter-output>
          </reporter-output>
        </test-method> <!-- testNavigateToAbout -->
        <test-method is-config="true" signature="tearDown()[pri:0, instance:selenium.LaunchChromeDriver@710f4dc7]" started-at="2026-03-15T10:26:18 IST" name="tearDown" finished-at="2026-03-15T10:26:18 IST" duration-ms="345" status="PASS">
          <reporter-output>
          </reporter-output>
        </test-method> <!-- tearDown -->
      </class> <!-- selenium.LaunchChromeDriver -->
    </test> <!-- LaunchChromeDriverTests -->
  </suite> <!-- SeleniumMavenSuite -->
</testng-results>
