<?xml version="1.0" encoding="UTF-8"?>
<!-- Generated by org.testng.reporters.JUnitReportReporter -->
<testsuite hostname="Parvathy1206" failures="0" tests="3" name="selenium.LaunchChromeDriver" time="4.161" errors="0" timestamp="2026-03-15T15:55:36 IST" skipped="0">
  <testcase classname="selenium.LaunchChromeDriver" name="testTitle" time="0.025"/>
  <testcase classname="selenium.LaunchChromeDriver" name="testSearchBoxPresent" time="0.052"/>
  <testcase classname="selenium.LaunchChromeDriver" name="testNavigateToAbout" time="4.084"/>
</testsuite> <!-- selenium.LaunchChromeDriver -->
