<?xml version="1.0" encoding="UTF-8"?>
<!-- Generated by org.testng.reporters.JUnitReportReporter -->
<testsuite hostname="Parvathy1206" failures="0" tests="3" name="selenium.LaunchChromeDriver" time="2.115" errors="0" timestamp="2026-03-07T23:28:04 IST" skipped="0">
  <testcase classname="selenium.LaunchChromeDriver" name="testTitle" time="0.045"/>
  <testcase classname="selenium.LaunchChromeDriver" name="testSearchBoxPresent" time="0.025"/>
  <testcase classname="selenium.LaunchChromeDriver" name="testNavigateToAbout" time="2.045"/>
</testsuite> <!-- selenium.LaunchChromeDriver -->
